Using pre-set license
Built from '2020.3/staging' branch; Version is '2020.3.6f1 (338bb68529b2) revision 3378102'; Using compiler version '192528614'; Build Type 'Release'
OS: 'Windows 10 Pro; OS build 19043.1165; Version 2009; 64bit' Language: 'en' Physical Memory: 8148 MB
BatchMode: 1, IsHumanControllingUs: 0, StartBugReporterOnCrash: 0, Is64bit: 1, IsPro: 0

 COMMAND LINE ARGUMENTS:
C:\Program Files\Unity\Hub\Editor\2020.3.6f1\Editor\Unity.exe
-adb2
-batchMode
-noUpm
-name
AssetImportWorker0
-projectPath
C:/Users/jaked/OneDrive/Máy tính/MoveCube/Move Cube
-logFile
Logs/AssetImportWorker0.log
-srvPort
64220
Successfully changed project path to: C:/Users/jaked/OneDrive/Máy tính/MoveCube/Move Cube
C:/Users/jaked/OneDrive/Máy tính/MoveCube/Move Cube
Using Asset Import Pipeline V2.
Refreshing native plugins compatible for Editor in 69.90 ms, found 3 plugins.
Preloading 0 native plugins for Editor in 0.00 ms.
Initialize engine version: 2020.3.6f1 (338bb68529b2)
[Subsystems] Discovering subsystems at path C:/Program Files/Unity/Hub/Editor/2020.3.6f1/Editor/Data/Resources/UnitySubsystems
[Subsystems] Discovering subsystems at path C:/Users/jaked/OneDrive/Máy tính/MoveCube/Move Cube/Assets
GfxDevice: creating device client; threaded=0
Direct3D:
    Version:  Direct3D 11.0 [level 11.1]
    Renderer: AMD Radeon R9 M200X Series (ID=0x6821)
    Vendor:   
    VRAM:     2026 MB
    Driver:   15.200.1062.1004
Initialize mono
Mono path[0] = 'C:/Program Files/Unity/Hub/Editor/2020.3.6f1/Editor/Data/Managed'
Mono path[1] = 'C:/Program Files/Unity/Hub/Editor/2020.3.6f1/Editor/Data/MonoBleedingEdge/lib/mono/unityjit'
Mono config path = 'C:/Program Files/Unity/Hub/Editor/2020.3.6f1/Editor/Data/MonoBleedingEdge/etc'
Using monoOptions --debugger-agent=transport=dt_socket,embedding=1,server=y,suspend=n,address=127.0.0.1:56588
Begin MonoManager ReloadAssembly
Registering precompiled unity dll's ...
Register platform support module: C:/Program Files/Unity/Hub/Editor/2020.3.6f1/Editor/Data/PlaybackEngines/WebGLSupport/UnityEditor.WebGL.Extensions.dll
Register platform support module: C:/Program Files/Unity/Hub/Editor/2020.3.6f1/Editor/Data/PlaybackEngines/WindowsStandaloneSupport/UnityEditor.WindowsStandalone.Extensions.dll
Registered in 0.004589 seconds.
Native extension for WindowsStandalone target not found
Native extension for WebGL target not found
Refreshing native plugins compatible for Editor in 71.94 ms, found 3 plugins.
Preloading 0 native plugins for Editor in 0.00 ms.
Mono: successfully reloaded assembly
- Completed reload, in  3.469 seconds
Platform modules already initialized, skipping
Registering precompiled user dll's ...
Registered in 0.007457 seconds.
Begin MonoManager ReloadAssembly
Native extension for WindowsStandalone target not found
Native extension for WebGL target not found
Refreshing native plugins compatible for Editor in 72.18 ms, found 3 plugins.
Preloading 0 native plugins for Editor in 0.00 ms.
Mono: successfully reloaded assembly
- Completed reload, in  2.033 seconds
Platform modules already initialized, skipping
========================================================================
Worker process is ready to serve import requests
Launched and connected shader compiler UnityShaderCompiler.exe after 0.07 seconds
Refreshing native plugins compatible for Editor in 0.69 ms, found 3 plugins.
Preloading 0 native plugins for Editor in 0.00 ms.
Unloading 2094 Unused Serialized files (Serialized files now loaded: 0)
System memory in use before: 93.0 MB.
System memory in use after: 93.1 MB.

Unloading 28 unused Assets to reduce memory usage. Loaded Objects now: 2531.
Total: 3.384400 ms (FindLiveObjects: 0.238500 ms CreateObjectMapping: 0.092800 ms MarkObjects: 2.953100 ms  DeleteObjects: 0.096000 ms)

========================================================================
Received Import Request.
  path: Assets/Scenes/Idle (8).png
  artifactKey: Guid(6a9cdc7c16f7fd5429434f5f74f559e6) Importer(815301076,1909f56bfc062723c751e8b465ee728b)
Start importing Assets/Scenes/Idle (8).png using Guid(6a9cdc7c16f7fd5429434f5f74f559e6) Importer(815301076,1909f56bfc062723c751e8b465ee728b)  -> (artifact id: 'ed28bf710d3ff6d3981877a0ef3e525a') in 0.240873 seconds
  Import took 0.245912 seconds .

========================================================================
Received Import Request.
  Time since last request: 36.515165 seconds.
  path: Assets/Script/Player.cs
  artifactKey: Guid(8f2616207b76a204ca9fae45b8a23f99) Importer(815301076,1909f56bfc062723c751e8b465ee728b)
Start importing Assets/Script/Player.cs using Guid(8f2616207b76a204ca9fae45b8a23f99) Importer(815301076,1909f56bfc062723c751e8b465ee728b)  -> (artifact id: '7ca745159f6937338c36829f45569c15') in 0.043313 seconds
  Import took 0.047988 seconds .

========================================================================
Received Import Request.
  Time since last request: 0.008657 seconds.
  path: Assets/Script/Player.cs
  artifactKey: Guid(8f2616207b76a204ca9fae45b8a23f99) Importer(815301076,1909f56bfc062723c751e8b465ee728b)
Start importing Assets/Script/Player.cs using Guid(8f2616207b76a204ca9fae45b8a23f99) Importer(815301076,1909f56bfc062723c751e8b465ee728b)  -> (artifact id: '7ca745159f6937338c36829f45569c15') in 0.042395 seconds
  Import took 0.048599 seconds .

========================================================================
Received Prepare
Registering precompiled user dll's ...
Registered in 0.007681 seconds.
Begin MonoManager ReloadAssembly
Native extension for WindowsStandalone target not found
Native extension for WebGL target not found
Refreshing native plugins compatible for Editor in 0.95 ms, found 3 plugins.
Preloading 0 native plugins for Editor in 0.00 ms.
Mono: successfully reloaded assembly
- Completed reload, in  2.826 seconds
Platform modules already initialized, skipping
Refreshing native plugins compatible for Editor in 1.07 ms, found 3 plugins.
Preloading 0 native plugins for Editor in 0.00 ms.
Unloading 2084 Unused Serialized files (Serialized files now loaded: 0)
System memory in use before: 95.4 MB.
System memory in use after: 95.6 MB.

Unloading 16 unused Assets to reduce memory usage. Loaded Objects now: 2540.
Total: 5.205800 ms (FindLiveObjects: 0.410100 ms CreateObjectMapping: 0.124700 ms MarkObjects: 4.631500 ms  DeleteObjects: 0.037000 ms)

========================================================================
Received Import Request.
  Time since last request: 31.349030 seconds.
  path: Assets/Sprites
  artifactKey: Guid(5072077dfd179234da1b2d357b582981) Importer(815301076,1909f56bfc062723c751e8b465ee728b)
Start importing Assets/Sprites using Guid(5072077dfd179234da1b2d357b582981) Importer(815301076,1909f56bfc062723c751e8b465ee728b)  -> (artifact id: 'c3fee92e82170c93790017d40d42d8a2') in 0.048695 seconds
  Import took 0.053984 seconds .

========================================================================
Received Import Request.
  Time since last request: 0.063491 seconds.
  path: Assets/Sprites/f50524ee5f161f437400aaf215c9e12f.jpg
  artifactKey: Guid(55f7472e85f72224882677c190d45f04) Importer(815301076,1909f56bfc062723c751e8b465ee728b)
Start importing Assets/Sprites/f50524ee5f161f437400aaf215c9e12f.jpg using Guid(55f7472e85f72224882677c190d45f04) Importer(815301076,1909f56bfc062723c751e8b465ee728b)  -> (artifact id: '283ce009c8dde4304cef125e5c6e0d8f') in 0.114725 seconds
  Import took 0.120157 seconds .

========================================================================
Received Import Request.
  Time since last request: 0.000347 seconds.
  path: Assets/Sprites/Idle (8).png
  artifactKey: Guid(ab7dbd827404a434e916bead32bf3b06) Importer(815301076,1909f56bfc062723c751e8b465ee728b)
Start importing Assets/Sprites/Idle (8).png using Guid(ab7dbd827404a434e916bead32bf3b06) Importer(815301076,1909f56bfc062723c751e8b465ee728b)  -> (artifact id: 'ba48ac84b097a2ab8636c14e2a5ba121') in 0.061120 seconds
  Import took 0.066923 seconds .

========================================================================
Received Import Request.
  Time since last request: 110.839870 seconds.
  path: Assets/Script/Player.cs
  artifactKey: Guid(8f2616207b76a204ca9fae45b8a23f99) Importer(815301076,1909f56bfc062723c751e8b465ee728b)
Start importing Assets/Script/Player.cs using Guid(8f2616207b76a204ca9fae45b8a23f99) Importer(815301076,1909f56bfc062723c751e8b465ee728b)  -> (artifact id: '8ddb412ecc3b7444d50179b210e3b2a6') in 0.047413 seconds
  Import took 0.052916 seconds .

========================================================================
Received Prepare
Registering precompiled user dll's ...
Registered in 0.007434 seconds.
Begin MonoManager ReloadAssembly
Native extension for WindowsStandalone target not found
Native extension for WebGL target not found
Refreshing native plugins compatible for Editor in 1.06 ms, found 3 plugins.
Preloading 0 native plugins for Editor in 0.00 ms.
Mono: successfully reloaded assembly
- Completed reload, in  1.862 seconds
Platform modules already initialized, skipping
Refreshing native plugins compatible for Editor in 0.71 ms, found 3 plugins.
Preloading 0 native plugins for Editor in 0.00 ms.
Unloading 2084 Unused Serialized files (Serialized files now loaded: 0)
System memory in use before: 95.5 MB.
System memory in use after: 95.6 MB.

Unloading 16 unused Assets to reduce memory usage. Loaded Objects now: 2546.
Total: 3.395800 ms (FindLiveObjects: 0.256300 ms CreateObjectMapping: 0.116400 ms MarkObjects: 2.987000 ms  DeleteObjects: 0.034200 ms)

========================================================================
Received Import Request.
  Time since last request: 9.893448 seconds.
  path: Assets/Script/Test.cs
  artifactKey: Guid(12ed395b00eac114891d4d38d1ab138b) Importer(815301076,1909f56bfc062723c751e8b465ee728b)
Start importing Assets/Script/Test.cs using Guid(12ed395b00eac114891d4d38d1ab138b) Importer(815301076,1909f56bfc062723c751e8b465ee728b)  -> (artifact id: '4384960508f58b78a764f1f1dfeb3359') in 0.055488 seconds
  Import took 0.062786 seconds .

========================================================================
Received Prepare
Registering precompiled user dll's ...
Registered in 0.007249 seconds.
Begin MonoManager ReloadAssembly
Native extension for WindowsStandalone target not found
Native extension for WebGL target not found
Refreshing native plugins compatible for Editor in 0.73 ms, found 3 plugins.
Preloading 0 native plugins for Editor in 0.00 ms.
Mono: successfully reloaded assembly
- Completed reload, in  1.678 seconds
Platform modules already initialized, skipping
Refreshing native plugins compatible for Editor in 0.78 ms, found 3 plugins.
Preloading 0 native plugins for Editor in 0.00 ms.
Unloading 2083 Unused Serialized files (Serialized files now loaded: 0)
System memory in use before: 95.5 MB.
System memory in use after: 95.6 MB.

Unloading 17 unused Assets to reduce memory usage. Loaded Objects now: 2548.
Total: 4.061300 ms (FindLiveObjects: 0.417600 ms CreateObjectMapping: 0.132400 ms MarkObjects: 3.451900 ms  DeleteObjects: 0.057100 ms)

========================================================================
Received Import Request.
  Time since last request: 22.139548 seconds.
  path: Assets/Script/GameController.cs
  artifactKey: Guid(092ff08500e5e734997fd8104c7c94c6) Importer(815301076,1909f56bfc062723c751e8b465ee728b)
Start importing Assets/Script/GameController.cs using Guid(092ff08500e5e734997fd8104c7c94c6) Importer(815301076,1909f56bfc062723c751e8b465ee728b)  -> (artifact id: '78122e5f1fcdf559df5c30f5fc87a5c6') in 0.048289 seconds
  Import took 0.056006 seconds .

========================================================================
Received Prepare
Registering precompiled user dll's ...
Registered in 0.006918 seconds.
Begin MonoManager ReloadAssembly
Native extension for WindowsStandalone target not found
Native extension for WebGL target not found
Refreshing native plugins compatible for Editor in 0.79 ms, found 3 plugins.
Preloading 0 native plugins for Editor in 0.00 ms.
Mono: successfully reloaded assembly
- Completed reload, in  1.669 seconds
Platform modules already initialized, skipping
Refreshing native plugins compatible for Editor in 0.79 ms, found 3 plugins.
Preloading 0 native plugins for Editor in 0.00 ms.
Unloading 2082 Unused Serialized files (Serialized files now loaded: 0)
System memory in use before: 95.5 MB.
System memory in use after: 95.6 MB.

Unloading 17 unused Assets to reduce memory usage. Loaded Objects now: 2550.
Total: 3.296100 ms (FindLiveObjects: 0.229200 ms CreateObjectMapping: 0.093900 ms MarkObjects: 2.937100 ms  DeleteObjects: 0.034300 ms)

========================================================================
Received Import Request.
  Time since last request: 17.223994 seconds.
  path: Assets/Scenes/SampleScene.unity
  artifactKey: Guid(2cda990e2423bbf4892e6590ba056729) Importer(815301076,1909f56bfc062723c751e8b465ee728b)
Start importing Assets/Scenes/SampleScene.unity using Guid(2cda990e2423bbf4892e6590ba056729) Importer(815301076,1909f56bfc062723c751e8b465ee728b)  -> (artifact id: 'afeb22d3dc664edc6dca9d073148e11c') in 0.053771 seconds
  Import took 0.058989 seconds .

========================================================================
Received Import Request.
  Time since last request: 23.719894 seconds.
  path: Assets/Scenes/TestChung.unity
  artifactKey: Guid(52c96c8e8ceea3d40abdb3f9d5cd7eb3) Importer(815301076,1909f56bfc062723c751e8b465ee728b)
Start importing Assets/Scenes/TestChung.unity using Guid(52c96c8e8ceea3d40abdb3f9d5cd7eb3) Importer(815301076,1909f56bfc062723c751e8b465ee728b)  -> (artifact id: 'ef396394af6febb296fc821ba9a2790e') in 0.042996 seconds
  Import took 0.048048 seconds .

AssetImportWorkerClient::OnTransportError - code=2 error=End of file
